<?xml version="1.0" encoding="UTF-8"?>
<coverage generated="1685015345673" clover="3.2.0">
  <project timestamp="1685015345673" name="All files">
    <metrics statements="5" coveredstatements="5" conditionals="21" coveredconditionals="14" methods="5" coveredmethods="5" elements="31" coveredelements="24" complexity="0" loc="5" ncloc="5" packages="3" files="5" classes="5"/>
    <package name="src">
      <metrics statements="1" coveredstatements="1" conditionals="0" coveredconditionals="0" methods="1" coveredmethods="1"/>
      <file name="App.vue" path="C:\Users\ming\Desktop\Volleage\src\App.vue">
        <metrics statements="1" coveredstatements="1" conditionals="0" coveredconditionals="0" methods="1" coveredmethods="1"/>
        <line num="1" count="12" type="stmt"/>
      </file>
    </package>
    <package name="src.components">
      <metrics statements="1" coveredstatements="1" conditionals="6" coveredconditionals="1" methods="1" coveredmethods="1"/>
      <file name="dropSearch.vue" path="C:\Users\ming\Desktop\Volleage\src\components\dropSearch.vue">
        <metrics statements="1" coveredstatements="1" conditionals="6" coveredconditionals="1" methods="1" coveredmethods="1"/>
        <line num="1" count="51" type="cond" truecount="1" falsecount="5"/>
      </file>
    </package>
    <package name="src.views">
      <metrics statements="3" coveredstatements="3" conditionals="15" coveredconditionals="13" methods="3" coveredmethods="3"/>
      <file name="profile.vue" path="C:\Users\ming\Desktop\Volleage\src\views\profile.vue">
        <metrics statements="1" coveredstatements="1" conditionals="6" coveredconditionals="5" methods="1" coveredmethods="1"/>
        <line num="1" count="210" type="cond" truecount="5" falsecount="1"/>
      </file>
      <file name="singleRecord.vue" path="C:\Users\ming\Desktop\Volleage\src\views\singleRecord.vue">
        <metrics statements="1" coveredstatements="1" conditionals="2" coveredconditionals="2" methods="1" coveredmethods="1"/>
        <line num="1" count="510" type="cond" truecount="2" falsecount="0"/>
      </file>
      <file name="singleTeam.vue" path="C:\Users\ming\Desktop\Volleage\src\views\singleTeam.vue">
        <metrics statements="1" coveredstatements="1" conditionals="7" coveredconditionals="6" methods="1" coveredmethods="1"/>
        <line num="1" count="116" type="cond" truecount="6" falsecount="1"/>
      </file>
    </package>
  </project>
</coverage>
