<?xml version="1.0" encoding="UTF-8"?>
<coverage generated="1685015344562" clover="3.2.0">
  <project timestamp="1685015344563" name="All files">
    <metrics statements="1" coveredstatements="1" conditionals="3" coveredconditionals="2" methods="1" coveredmethods="1" elements="5" coveredelements="4" complexity="0" loc="1" ncloc="1" packages="1" files="1" classes="1"/>
    <file name="scoring.vue" path="C:\Users\Jack\Documents\program\Volleage\src\views\scoring.vue">
      <metrics statements="1" coveredstatements="1" conditionals="3" coveredconditionals="2" methods="1" coveredmethods="1"/>
      <line num="1" count="1709" type="cond" truecount="2" falsecount="1"/>
    </file>
  </project>
</coverage>
