TN:
SF:src\App.vue
FN:1,(anonymous_0)
FNF:1
FNH:1
FNDA:2,(anonymous_0)
DA:1,12
LF:1
LH:1
BRF:0
BRH:0
end_of_record
TN:
SF:src\components\dropSearch.vue
FN:1,(anonymous_9)
FNF:1
FNH:1
FNDA:16,(anonymous_9)
DA:1,51
LF:1
LH:1
BRDA:1,0,0,16
BRDA:1,0,1,0
BRDA:1,1,0,0
BRDA:1,2,0,0
BRDA:1,2,1,0
BRDA:1,2,2,0
BRF:6
BRH:1
end_of_record
TN:
SF:src\views\profile.vue
FN:1,(anonymous_0)
FNF:1
FNH:1
FNDA:136,(anonymous_0)
DA:1,210
LF:1
LH:1
BRDA:1,0,0,202
BRDA:1,0,1,102
BRDA:1,1,0,0
BRDA:1,2,0,6
BRDA:1,2,1,3
BRDA:1,2,2,2
BRF:6
BRH:5
end_of_record
TN:
SF:src\views\singleRecord.vue
FN:1,(anonymous_8)
FNF:1
FNH:1
FNDA:485,(anonymous_8)
DA:1,510
LF:1
LH:1
BRDA:1,0,0,30
BRDA:1,0,1,761
BRF:2
BRH:2
end_of_record
TN:
SF:src\views\singleTeam.vue
FN:1,(anonymous_0)
FNF:1
FNH:1
FNDA:54,(anonymous_0)
DA:1,116
LF:1
LH:1
BRDA:1,0,0,27
BRDA:1,0,1,78
BRDA:1,1,0,0
BRDA:1,2,0,6
BRDA:1,2,1,1
BRDA:1,2,2,1
BRDA:1,2,3,1
BRF:7
BRH:6
end_of_record
